C:\USERS\VITALY\DOCUMENTS\VISUAL STUDIO 2010\PROJECTS\SPUTNIK_STUDENTS\DEBUG\SPUTNIK.EXE
C:\USERS\VITALY\DOCUMENTS\VISUAL STUDIO 2010\PROJECTS\SPUTNIK_STUDENTS\DEBUG\SPUTNIK.ILK
C:\USERS\VITALY\DOCUMENTS\VISUAL STUDIO 2010\PROJECTS\SPUTNIK_STUDENTS\DEBUG\SPUTNIK.PDB
C:\USERS\VITALY\DOCUMENTS\VISUAL STUDIO 2010\PROJECTS\SPUTNIK_STUDENTS\SPUTNIK\DEBUG\.NETFRAMEWORK,VERSION=V4.0.ASSEMBLYATTRIBUTES.OBJ
C:\USERS\VITALY\DOCUMENTS\VISUAL STUDIO 2010\PROJECTS\SPUTNIK_STUDENTS\SPUTNIK\DEBUG\APP.RES
C:\USERS\VITALY\DOCUMENTS\VISUAL STUDIO 2010\PROJECTS\SPUTNIK_STUDENTS\SPUTNIK\DEBUG\ASSEMBLYINFO.OBJ
C:\Users\Vitaly\Documents\Visual Studio 2010\Projects\Sputnik_students\Sputnik\Debug\cl.command.1.tlog
C:\Users\Vitaly\Documents\Visual Studio 2010\Projects\Sputnik_students\Sputnik\Debug\CL.read.1.tlog
C:\Users\Vitaly\Documents\Visual Studio 2010\Projects\Sputnik_students\Sputnik\Debug\CL.write.1.tlog
C:\Users\Vitaly\Documents\Visual Studio 2010\Projects\Sputnik_students\Sputnik\Debug\link.1048.read.1.tlog
C:\Users\Vitaly\Documents\Visual Studio 2010\Projects\Sputnik_students\Sputnik\Debug\link.1048.write.1.tlog
C:\Users\Vitaly\Documents\Visual Studio 2010\Projects\Sputnik_students\Sputnik\Debug\link.1048-cvtres.read.1.tlog
C:\Users\Vitaly\Documents\Visual Studio 2010\Projects\Sputnik_students\Sputnik\Debug\link.1048-cvtres.write.1.tlog
C:\Users\Vitaly\Documents\Visual Studio 2010\Projects\Sputnik_students\Sputnik\Debug\link.3192.read.1.tlog
C:\Users\Vitaly\Documents\Visual Studio 2010\Projects\Sputnik_students\Sputnik\Debug\link.3192.write.1.tlog
C:\Users\Vitaly\Documents\Visual Studio 2010\Projects\Sputnik_students\Sputnik\Debug\link.3192-cvtres.read.1.tlog
C:\Users\Vitaly\Documents\Visual Studio 2010\Projects\Sputnik_students\Sputnik\Debug\link.3192-cvtres.write.1.tlog
C:\Users\Vitaly\Documents\Visual Studio 2010\Projects\Sputnik_students\Sputnik\Debug\link.3504.read.1.tlog
C:\Users\Vitaly\Documents\Visual Studio 2010\Projects\Sputnik_students\Sputnik\Debug\link.3504.write.1.tlog
C:\Users\Vitaly\Documents\Visual Studio 2010\Projects\Sputnik_students\Sputnik\Debug\link.3504-cvtres.read.1.tlog
C:\Users\Vitaly\Documents\Visual Studio 2010\Projects\Sputnik_students\Sputnik\Debug\link.3504-cvtres.write.1.tlog
C:\Users\Vitaly\Documents\Visual Studio 2010\Projects\Sputnik_students\Sputnik\Debug\link.6356.read.1.tlog
C:\Users\Vitaly\Documents\Visual Studio 2010\Projects\Sputnik_students\Sputnik\Debug\link.6356.write.1.tlog
C:\Users\Vitaly\Documents\Visual Studio 2010\Projects\Sputnik_students\Sputnik\Debug\link.6356-cvtres.read.1.tlog
C:\Users\Vitaly\Documents\Visual Studio 2010\Projects\Sputnik_students\Sputnik\Debug\link.6356-cvtres.write.1.tlog
C:\Users\Vitaly\Documents\Visual Studio 2010\Projects\Sputnik_students\Sputnik\Debug\link.6392.read.1.tlog
C:\Users\Vitaly\Documents\Visual Studio 2010\Projects\Sputnik_students\Sputnik\Debug\link.6392.write.1.tlog
C:\Users\Vitaly\Documents\Visual Studio 2010\Projects\Sputnik_students\Sputnik\Debug\link.6392-cvtres.read.1.tlog
C:\Users\Vitaly\Documents\Visual Studio 2010\Projects\Sputnik_students\Sputnik\Debug\link.6392-cvtres.write.1.tlog
C:\Users\Vitaly\Documents\Visual Studio 2010\Projects\Sputnik_students\Sputnik\Debug\link.6560.read.1.tlog
C:\Users\Vitaly\Documents\Visual Studio 2010\Projects\Sputnik_students\Sputnik\Debug\link.6560.write.1.tlog
C:\Users\Vitaly\Documents\Visual Studio 2010\Projects\Sputnik_students\Sputnik\Debug\link.6560-cvtres.read.1.tlog
C:\Users\Vitaly\Documents\Visual Studio 2010\Projects\Sputnik_students\Sputnik\Debug\link.6560-cvtres.write.1.tlog
C:\Users\Vitaly\Documents\Visual Studio 2010\Projects\Sputnik_students\Sputnik\Debug\link.6676.read.1.tlog
C:\Users\Vitaly\Documents\Visual Studio 2010\Projects\Sputnik_students\Sputnik\Debug\link.6676.write.1.tlog
C:\Users\Vitaly\Documents\Visual Studio 2010\Projects\Sputnik_students\Sputnik\Debug\link.6676-cvtres.read.1.tlog
C:\Users\Vitaly\Documents\Visual Studio 2010\Projects\Sputnik_students\Sputnik\Debug\link.6676-cvtres.write.1.tlog
C:\Users\Vitaly\Documents\Visual Studio 2010\Projects\Sputnik_students\Sputnik\Debug\link.6892.read.1.tlog
C:\Users\Vitaly\Documents\Visual Studio 2010\Projects\Sputnik_students\Sputnik\Debug\link.6892.write.1.tlog
C:\Users\Vitaly\Documents\Visual Studio 2010\Projects\Sputnik_students\Sputnik\Debug\link.6892-cvtres.read.1.tlog
C:\Users\Vitaly\Documents\Visual Studio 2010\Projects\Sputnik_students\Sputnik\Debug\link.6892-cvtres.write.1.tlog
C:\Users\Vitaly\Documents\Visual Studio 2010\Projects\Sputnik_students\Sputnik\Debug\link.command.1.tlog
C:\Users\Vitaly\Documents\Visual Studio 2010\Projects\Sputnik_students\Sputnik\Debug\link.read.1.tlog
C:\Users\Vitaly\Documents\Visual Studio 2010\Projects\Sputnik_students\Sputnik\Debug\link.write.1.tlog
C:\Users\Vitaly\Documents\Visual Studio 2010\Projects\Sputnik_students\Sputnik\Debug\metagen.read.1.tlog
C:\Users\Vitaly\Documents\Visual Studio 2010\Projects\Sputnik_students\Sputnik\Debug\metagen.write.1.tlog
C:\Users\Vitaly\Documents\Visual Studio 2010\Projects\Sputnik_students\Sputnik\Debug\mt.command.1.tlog
C:\Users\Vitaly\Documents\Visual Studio 2010\Projects\Sputnik_students\Sputnik\Debug\mt.read.1.tlog
C:\Users\Vitaly\Documents\Visual Studio 2010\Projects\Sputnik_students\Sputnik\Debug\mt.write.1.tlog
C:\Users\Vitaly\Documents\Visual Studio 2010\Projects\Sputnik_students\Sputnik\Debug\rc.command.1.tlog
C:\Users\Vitaly\Documents\Visual Studio 2010\Projects\Sputnik_students\Sputnik\Debug\rc.read.1.tlog
C:\Users\Vitaly\Documents\Visual Studio 2010\Projects\Sputnik_students\Sputnik\Debug\rc.write.1.tlog
C:\Users\Vitaly\Documents\Visual Studio 2010\Projects\Sputnik_students\Sputnik\Debug\RSAENH.DLL.bi
C:\USERS\VITALY\DOCUMENTS\VISUAL STUDIO 2010\PROJECTS\SPUTNIK_STUDENTS\SPUTNIK\DEBUG\SPUTNIK.EXE.INTERMEDIATE.MANIFEST
C:\Users\Vitaly\Documents\Visual Studio 2010\Projects\Sputnik_students\Sputnik\Debug\Sputnik.Form1.resources
C:\USERS\VITALY\DOCUMENTS\VISUAL STUDIO 2010\PROJECTS\SPUTNIK_STUDENTS\SPUTNIK\DEBUG\SPUTNIK.OBJ
C:\USERS\VITALY\DOCUMENTS\VISUAL STUDIO 2010\PROJECTS\SPUTNIK_STUDENTS\SPUTNIK\DEBUG\SPUTNIK.PCH
C:\Users\Vitaly\Documents\Visual Studio 2010\Projects\Sputnik_students\Sputnik\Debug\Sputnik.TrajectoryForm.resources
C:\Users\Vitaly\Documents\Visual Studio 2010\Projects\Sputnik_students\Sputnik\Debug\Sputnik.vcxproj.GenerateResource.Cache
C:\Users\Vitaly\Documents\Visual Studio 2010\Projects\Sputnik_students\Sputnik\Debug\Sputnik.write.1.tlog
C:\USERS\VITALY\DOCUMENTS\VISUAL STUDIO 2010\PROJECTS\SPUTNIK_STUDENTS\SPUTNIK\DEBUG\SPUTNIKSOLVER.OBJ
C:\USERS\VITALY\DOCUMENTS\VISUAL STUDIO 2010\PROJECTS\SPUTNIK_STUDENTS\SPUTNIK\DEBUG\STDAFX.OBJ
C:\USERS\VITALY\DOCUMENTS\VISUAL STUDIO 2010\PROJECTS\SPUTNIK_STUDENTS\SPUTNIK\DEBUG\TRAJECTORY2D.OBJ
C:\USERS\VITALY\DOCUMENTS\VISUAL STUDIO 2010\PROJECTS\SPUTNIK_STUDENTS\SPUTNIK\DEBUG\TRAJECTORYFORM.OBJ
C:\Users\Vitaly\Documents\Visual Studio 2010\Projects\Sputnik_students\Sputnik\Debug\TZRES.DLL.bi
C:\USERS\VITALY\DOCUMENTS\VISUAL STUDIO 2010\PROJECTS\SPUTNIK_STUDENTS\SPUTNIK\DEBUG\VC100.PDB
